<?xml version="1.0" encoding="UTF-8"?>
<!-- Generated by org.testng.reporters.JUnitXMLReporter -->
<testsuite ignored="2" hostname="VTI-COL-PC018-L" failures="0" tests="0" time="0.036" errors="0" timestamp="2024-11-27T08:20:01 COT">
  <testcase classname="nestorgonzalez.Test.ErrorValidationsTest" name="productErrorValidation" time="0.0">
    <ignored/>
  </testcase> <!-- productErrorValidation -->
  <testcase classname="nestorgonzalez.Test.ErrorValidationsTest" name="loginErrorValidations" time="0.0">
    <ignored/>
  </testcase> <!-- loginErrorValidations -->
</testsuite>
