<?xml version="1.0" encoding="UTF-8"?>
<!-- Generated by org.testng.reporters.JUnitXMLReporter -->
<testsuite ignored="1" hostname="VTI-COL-PC018-L" failures="0" tests="2" name="Submit Order Test" time="43.304" errors="0" timestamp="2024-11-27T08:20:45 COT">
  <testcase classname="nestorgonzalez.Test.SubmitOrderTest" name="submitOrder" time="11.68"/>
  <testcase classname="nestorgonzalez.Test.SubmitOrderTest" name="submitOrder" time="7.359"/>
  <testcase classname="nestorgonzalez.Test.SubmitOrderTest" name="OrderHistoryTest" time="0.0">
    <ignored/>
  </testcase> <!-- OrderHistoryTest -->
</testsuite> <!-- Submit Order Test -->
